# JRE version: OpenJDK Runtime Environment Temurin-21.0.3+9 (21.0.3+9) (build 21.0.3+9-LTS)
# Java VM: OpenJDK 64-Bit Server VM Temurin-21.0.3+9 (21.0.3+9-LTS, mixed mode, emulated-client, tiered, compressed oops, compressed class ptrs, g1 gc, windows-amd64)
GC Precious Log:
 CardTable entry size: 512
 Card Set container configuration: InlinePtr #cards 5 size 8 Array Of Cards #cards 12 size 40 Howl #buckets 4 coarsen threshold 1843 Howl Bitmap #cards 512 size 80 coarsen threshold 460 Card regions per heap region 1 cards per card region 2048
 CPUs: 12 total, 12 available
 Memory: 16098M
 Large Page Support: Disabled
 NUMA Support: Disabled
 Compressed Oops: Enabled (32-bit)
 Heap Region Size: 1M
 Heap Min Capacity: 8M
 Heap Initial Capacity: 252M
 Heap Max Capacity: 1G
 Pre-touch: Disabled
 Parallel Workers: 10
 Concurrent Workers: 3
 Concurrent Refinement Workers: 10
 Periodic GC: Disabled
Heap:
 garbage-first heap   total 116736K, used 44781K [0x00000000c0000000, 0x0000000100000000)
  region size 1024K, 1 young (1024K), 0 survivors (0K)
 Metaspace       used 68475K, committed 69248K, reserved 1114112K
  class space    used 8081K, committed 8448K, reserved 1048576K
GC Heap History (20 events):
Event: 183389.261 GC heap after
{Heap after GC invocations=5551 (full 5417):
 garbage-first heap   total 116736K, used 46090K [0x00000000c0000000, 0x0000000100000000)
  region size 1024K, 0 young (0K), 0 survivors (0K)
 Metaspace       used 68399K, committed 69248K, reserved 1114112K
  class space    used 8061K, committed 8448K, reserved 1048576K
}
Event: 183399.492 GC heap before
{Heap before GC invocations=5551 (full 5417):
 garbage-first heap   total 116736K, used 46090K [0x00000000c0000000, 0x0000000100000000)
  region size 1024K, 1 young (1024K), 0 survivors (0K)
 Metaspace       used 68399K, committed 69248K, reserved 1114112K
  class space    used 8061K, committed 8448K, reserved 1048576K
}
Event: 183399.520 GC heap after
{Heap after GC invocations=5552 (full 5418):
 garbage-first heap   total 116736K, used 46090K [0x00000000c0000000, 0x0000000100000000)
  region size 1024K, 0 young (0K), 0 survivors (0K)
 Metaspace       used 68399K, committed 69248K, reserved 1114112K
  class space    used 8061K, committed 8448K, reserved 1048576K
}
Event: 183409.755 GC heap before
{Heap before GC invocations=5552 (full 5418):
 garbage-first heap   total 116736K, used 46090K [0x00000000c0000000, 0x0000000100000000)
  region size 1024K, 1 young (1024K), 0 survivors (0K)
 Metaspace       used 68399K, committed 69248K, reserved 1114112K
  class space    used 8061K, committed 8448K, reserved 1048576K
}
Event: 183409.783 GC heap after
{Heap after GC invocations=5553 (full 5419):
 garbage-first heap   total 116736K, used 46090K [0x00000000c0000000, 0x0000000100000000)
  region size 1024K, 0 young (0K), 0 survivors (0K)
 Metaspace       used 68399K, committed 69248K, reserved 1114112K
  class space    used 8061K, committed 8448K, reserved 1048576K
}
Event: 183419.995 GC heap before
{Heap before GC invocations=5553 (full 5419):
 garbage-first heap   total 116736K, used 46090K [0x00000000c0000000, 0x0000000100000000)
  region size 1024K, 1 young (1024K), 0 survivors (0K)
 Metaspace       used 68399K, committed 69248K, reserved 1114112K
  class space    used 8061K, committed 8448K, reserved 1048576K
}
Event: 183420.026 GC heap after
{Heap after GC invocations=5554 (full 5420):
 garbage-first heap   total 116736K, used 46090K [0x00000000c0000000, 0x0000000100000000)
  region size 1024K, 0 young (0K), 0 survivors (0K)
 Metaspace       used 68399K, committed 69248K, reserved 1114112K
  class space    used 8061K, committed 8448K, reserved 1048576K
}
Event: 183430.252 GC heap before
{Heap before GC invocations=5554 (full 5420):
 garbage-first heap   total 116736K, used 46090K [0x00000000c0000000, 0x0000000100000000)
  region size 1024K, 1 young (1024K), 0 survivors (0K)
 Metaspace       used 68399K, committed 69248K, reserved 1114112K
  class space    used 8061K, committed 8448K, reserved 1048576K
}
Event: 183430.279 GC heap after
{Heap after GC invocations=5555 (full 5421):
 garbage-first heap   total 116736K, used 46090K [0x00000000c0000000, 0x0000000100000000)
  region size 1024K, 0 young (0K), 0 survivors (0K)
 Metaspace       used 68399K, committed 69248K, reserved 1114112K
  class space    used 8061K, committed 8448K, reserved 1048576K
}
Event: 183440.528 GC heap before
{Heap before GC invocations=5555 (full 5421):
 garbage-first heap   total 116736K, used 46090K [0x00000000c0000000, 0x0000000100000000)
  region size 1024K, 1 young (1024K), 0 survivors (0K)
 Metaspace       used 68399K, committed 69248K, reserved 1114112K
  class space    used 8061K, committed 8448K, reserved 1048576K
}
Event: 183440.555 GC heap after
{Heap after GC invocations=5556 (full 5422):
 garbage-first heap   total 116736K, used 46090K [0x00000000c0000000, 0x0000000100000000)
  region size 1024K, 0 young (0K), 0 survivors (0K)
 Metaspace       used 68399K, committed 69248K, reserved 1114112K
  class space    used 8061K, committed 8448K, reserved 1048576K
}
Event: 183450.766 GC heap before
{Heap before GC invocations=5556 (full 5422):
 garbage-first heap   total 116736K, used 46090K [0x00000000c0000000, 0x0000000100000000)
  region size 1024K, 1 young (1024K), 0 survivors (0K)
 Metaspace       used 68399K, committed 69248K, reserved 1114112K
  class space    used 8061K, committed 8448K, reserved 1048576K
}
Event: 183450.794 GC heap after
{Heap after GC invocations=5557 (full 5423):
 garbage-first heap   total 116736K, used 46090K [0x00000000c0000000, 0x0000000100000000)
  region size 1024K, 0 young (0K), 0 survivors (0K)
 Metaspace       used 68399K, committed 69248K, reserved 1114112K
  class space    used 8061K, committed 8448K, reserved 1048576K
}
Event: 183461.025 GC heap before
{Heap before GC invocations=5557 (full 5423):
 garbage-first heap   total 116736K, used 46090K [0x00000000c0000000, 0x0000000100000000)
  region size 1024K, 1 young (1024K), 0 survivors (0K)
 Metaspace       used 68399K, committed 69248K, reserved 1114112K
  class space    used 8061K, committed 8448K, reserved 1048576K
}
Event: 183461.056 GC heap after
{Heap after GC invocations=5558 (full 5424):
 garbage-first heap   total 116736K, used 46090K [0x00000000c0000000, 0x0000000100000000)
  region size 1024K, 0 young (0K), 0 survivors (0K)
 Metaspace       used 68399K, committed 69248K, reserved 1114112K
  class space    used 8061K, committed 8448K, reserved 1048576K
}
Event: 183501.340 GC heap before
{Heap before GC invocations=5558 (full 5424):
 garbage-first heap   total 116736K, used 50186K [0x00000000c0000000, 0x0000000100000000)
  region size 1024K, 5 young (5120K), 0 survivors (0K)
 Metaspace       used 68475K, committed 69248K, reserved 1114112K
  class space    used 8081K, committed 8448K, reserved 1048576K
}
Event: 183501.367 GC heap after
{Heap after GC invocations=5559 (full 5425):
 garbage-first heap   total 116736K, used 44781K [0x00000000c0000000, 0x0000000100000000)
  region size 1024K, 0 young (0K), 0 survivors (0K)
 Metaspace       used 68475K, committed 69248K, reserved 1114112K
  class space    used 8081K, committed 8448K, reserved 1048576K
}
Event: 183511.577 GC heap before
{Heap before GC invocations=5559 (full 5425):
 garbage-first heap   total 116736K, used 44781K [0x00000000c0000000, 0x0000000100000000)
  region size 1024K, 1 young (1024K), 0 survivors (0K)
 Metaspace       used 68475K, committed 69248K, reserved 1114112K
  class space    used 8081K, committed 8448K, reserved 1048576K
}
Event: 183511.619 GC heap after
{Heap after GC invocations=5560 (full 5426):
 garbage-first heap   total 116736K, used 44781K [0x00000000c0000000, 0x0000000100000000)
  region size 1024K, 0 young (0K), 0 survivors (0K)
 Metaspace       used 68475K, committed 69248K, reserved 1114112K
  class space    used 8081K, committed 8448K, reserved 1048576K
}
Event: 183521.658 GC heap before
{Heap before GC invocations=5560 (full 5426):
 garbage-first heap   total 116736K, used 44781K [0x00000000c0000000, 0x0000000100000000)
  region size 1024K, 1 young (1024K), 0 survivors (0K)
 Metaspace       used 68475K, committed 69248K, reserved 1114112K
  class space    used 8081K, committed 8448K, reserved 1048576K
}

